<?xml version="1.0" encoding="UTF-8"?>
<!-- Generated by org.testng.reporters.JUnitReportReporter -->
<testsuite hostname="LAPTOP-7A521AL3" failures="0" tests="1" name="TestNG.Test2" time="0.007" errors="0" timestamp="2022-05-11T19:41:42 IST" skipped="0">
  <testcase classname="TestNG.Test2" name="demo1" time="0.007"/>
  <system-out/>
</testsuite> <!-- TestNG.Test2 -->
