<?xml version="1.0" encoding="UTF-8"?>
<!-- Generated by org.testng.reporters.JUnitReportReporter -->
<testsuite hostname="LAPTOP-7A521AL3" failures="0" tests="2" name="TestNG.Test1" time="0.008" errors="0" timestamp="2022-05-11T19:41:31 IST" skipped="0">
  <testcase classname="TestNG.Test1" name="demo2" time="0.001"/>
  <system-out/>
  <testcase classname="TestNG.Test1" name="demo1" time="0.007"/>
  <system-out/>
</testsuite> <!-- TestNG.Test1 -->
